<?xml version="1.0" encoding="UTF-8"?>
<robot generator="Robot 7.2.2 (Python 3.12.0 on win32)" generated="2025-03-04T18:34:54.790314" rpa="false" schemaversion="5">
<suite id="s1" name="Singup" source="C:\QAx\projects\walkdog-robot\singup.robot">
<test id="s1-t1" name="Deve poder cadastrar um novo dog walker" line="8">
<kw name="Set Variable" owner="BuiltIn">
<msg time="2025-03-04T18:34:55.130854" level="INFO">${name} = Fernando Papito</msg>
<var>${name}</var>
<arg>Fernando Papito</arg>
<doc>Returns the given values which can then be assigned to a variables.</doc>
<status status="PASS" start="2025-03-04T18:34:55.130854" elapsed="0.000000"/>
</kw>
<kw name="Set Variable" owner="BuiltIn">
<msg time="2025-03-04T18:34:55.130854" level="INFO">${email} = papito@gmail.com</msg>
<var>${email}</var>
<arg>papito@gmail.com</arg>
<doc>Returns the given values which can then be assigned to a variables.</doc>
<status status="PASS" start="2025-03-04T18:34:55.130854" elapsed="0.000000"/>
</kw>
<kw name="Set Variable" owner="BuiltIn">
<msg time="2025-03-04T18:34:55.130854" level="INFO">${cpf} = 00000014141</msg>
<var>${cpf}</var>
<arg>00000014141</arg>
<doc>Returns the given values which can then be assigned to a variables.</doc>
<status status="PASS" start="2025-03-04T18:34:55.130854" elapsed="0.000000"/>
</kw>
<kw name="Set Variable" owner="BuiltIn">
<msg time="2025-03-04T18:34:55.130854" level="INFO">${cep} = 60310001</msg>
<var>${cep}</var>
<arg>60310001</arg>
<doc>Returns the given values which can then be assigned to a variables.</doc>
<status status="PASS" start="2025-03-04T18:34:55.130854" elapsed="0.000000"/>
</kw>
<kw name="Set Variable" owner="BuiltIn">
<msg time="2025-03-04T18:34:55.130854" level="INFO">${addressStreet} = Avenida Francisco Sá</msg>
<var>${addressStreet}</var>
<arg>Avenida Francisco Sá</arg>
<doc>Returns the given values which can then be assigned to a variables.</doc>
<status status="PASS" start="2025-03-04T18:34:55.130854" elapsed="0.000000"/>
</kw>
<kw name="Set Variable" owner="BuiltIn">
<msg time="2025-03-04T18:34:55.130854" level="INFO">${addressDistrict} = Jacarecanga</msg>
<var>${addressDistrict}</var>
<arg>Jacarecanga</arg>
<doc>Returns the given values which can then be assigned to a variables.</doc>
<status status="PASS" start="2025-03-04T18:34:55.130854" elapsed="0.000000"/>
</kw>
<kw name="Set Variable" owner="BuiltIn">
<msg time="2025-03-04T18:34:55.130854" level="INFO">${addressCityUf} = Fortaleza/CE</msg>
<var>${addressCityUf}</var>
<arg>Fortaleza/CE</arg>
<doc>Returns the given values which can then be assigned to a variables.</doc>
<status status="PASS" start="2025-03-04T18:34:55.130854" elapsed="0.000000"/>
</kw>
<kw name="Set Variable" owner="BuiltIn">
<msg time="2025-03-04T18:34:55.130854" level="INFO">${addressNumber} = 3572</msg>
<var>${addressNumber}</var>
<arg>3572</arg>
<doc>Returns the given values which can then be assigned to a variables.</doc>
<status status="PASS" start="2025-03-04T18:34:55.130854" elapsed="0.000000"/>
</kw>
<kw name="Set Variable" owner="BuiltIn">
<msg time="2025-03-04T18:34:55.130854" level="INFO">${addressDetails} = Apto. 103</msg>
<var>${addressDetails}</var>
<arg>Apto. 103</arg>
<doc>Returns the given values which can then be assigned to a variables.</doc>
<status status="PASS" start="2025-03-04T18:34:55.130854" elapsed="0.000000"/>
</kw>
<kw name="Set Variable" owner="BuiltIn">
<msg time="2025-03-04T18:34:55.130854" level="INFO">${cnh} = toretto.jpg</msg>
<var>${cnh}</var>
<arg>toretto.jpg</arg>
<doc>Returns the given values which can then be assigned to a variables.</doc>
<status status="PASS" start="2025-03-04T18:34:55.130854" elapsed="0.000000"/>
</kw>
<kw name="Go to signup page">
<kw name="New Browser" owner="Browser">
<msg time="2025-03-04T18:34:55.130854" level="INFO">{"browser": "chromium", "headless": false, "chromiumSandbox": false, "devtools": false, "handleSIGHUP": true, "handleSIGINT": true, "handleSIGTERM": true, "slowMo": 0.0, "timeout": 30000.0, "tracesDir": "C:\\QAx\\projects\\walkdog-robot\\log\\browser\\traces\\temp\\71fe587d-5c7a-4983-8760-4b4d05a4f990"}</msg>
<msg time="2025-03-04T18:34:55.214417" level="INFO">Starting Browser process C:\Python312\Lib\site-packages\Browser\wrapper\index.js using port 51530</msg>
<msg time="2025-03-04T18:34:55.214417" level="INFO">Node startup parameters: ['node', 'C:\\Python312\\Lib\\site-packages\\Browser\\wrapper\\index.js', '51530']</msg>
<msg time="2025-03-04T18:34:57.153281" level="INFO">Successfully created browser with options: {"browser":"chromium","headless":false,"chromiumSandbox":false,"devtools":false,"handleSIGHUP":true,"handleSIGINT":true,"handleSIGTERM":true,"slowMo":0,"timeout":30000,"tracesDir":"C:\\QAx\\projects\\walkdog-robot\\log\\browser\\traces\\temp\\71fe587d-5c7a-4983-8760-4b4d05a4f990"}</msg>
<arg>browser=chromium</arg>
<arg>headless=False</arg>
<tag>BrowserControl</tag>
<tag>Setter</tag>
<doc>Create a new playwright Browser with specified options.</doc>
<status status="PASS" start="2025-03-04T18:34:55.130854" elapsed="2.022427"/>
</kw>
<kw name="New Page" owner="Browser">
<msg time="2025-03-04T18:34:59.454522" level="INFO">Successfully initialized new page object and opened url: https://walkdog.vercel.app/signup</msg>
<msg time="2025-03-04T18:34:59.454522" level="INFO">No context was open. New context was automatically opened when this page is created.</msg>
<arg>https://walkdog.vercel.app/signup</arg>
<tag>BrowserControl</tag>
<tag>Setter</tag>
<doc>Open a new Page.</doc>
<status status="PASS" start="2025-03-04T18:34:57.153281" elapsed="2.301241"/>
</kw>
<kw name="Wait For Elements State" owner="Browser">
<msg time="2025-03-04T18:34:59.502113" level="INFO">Waited for Element with selector form h1 at state visible</msg>
<arg>form h1</arg>
<arg>visible</arg>
<arg>5000</arg>
<tag>PageContent</tag>
<tag>Wait</tag>
<doc>Waits for the element found by ``selector`` to satisfy state option.</doc>
<status status="PASS" start="2025-03-04T18:34:59.454522" elapsed="0.047591"/>
</kw>
<kw name="Get Text" owner="Browser">
<msg time="2025-03-04T18:34:59.539300" level="INFO">Text: 'Faça seu cadastro'</msg>
<arg>form h1</arg>
<arg>equal</arg>
<arg>Faça seu cadastro</arg>
<tag>Assertion</tag>
<tag>Getter</tag>
<tag>PageContent</tag>
<doc>Returns text attribute of the element found by ``selector``.</doc>
<status status="PASS" start="2025-03-04T18:34:59.502113" elapsed="0.037187"/>
</kw>
<status status="PASS" start="2025-03-04T18:34:55.130854" elapsed="4.408446"/>
</kw>
<kw name="Fill signup form">
<kw name="Fill Text" owner="Browser">
<msg time="2025-03-04T18:34:59.539300" level="INFO">Fills the text 'Fernando Papito' in the given field.</msg>
<arg>css=input[name=name]</arg>
<arg>${name}</arg>
<tag>PageContent</tag>
<tag>Setter</tag>
<doc>Clears and fills the given ``txt`` into the text field found by ``selector``.</doc>
<status status="PASS" start="2025-03-04T18:34:59.539300" elapsed="0.032898"/>
</kw>
<kw name="Fill Text" owner="Browser">
<msg time="2025-03-04T18:34:59.572198" level="INFO">Fills the text 'papito@gmail.com' in the given field.</msg>
<arg>css=input[name=email]</arg>
<arg>${email}</arg>
<tag>PageContent</tag>
<tag>Setter</tag>
<doc>Clears and fills the given ``txt`` into the text field found by ``selector``.</doc>
<status status="PASS" start="2025-03-04T18:34:59.572198" elapsed="0.026229"/>
</kw>
<kw name="Fill Text" owner="Browser">
<msg time="2025-03-04T18:34:59.599427" level="INFO">Fills the text '00000014141' in the given field.</msg>
<arg>css=input[name=cpf]</arg>
<arg>${cpf}</arg>
<tag>PageContent</tag>
<tag>Setter</tag>
<doc>Clears and fills the given ``txt`` into the text field found by ``selector``.</doc>
<status status="PASS" start="2025-03-04T18:34:59.598427" elapsed="0.021248"/>
</kw>
<kw name="Fill Text" owner="Browser">
<msg time="2025-03-04T18:34:59.621498" level="INFO">Fills the text '60310001' in the given field.</msg>
<arg>css=input[name=cep]</arg>
<arg>${cep}</arg>
<tag>PageContent</tag>
<tag>Setter</tag>
<doc>Clears and fills the given ``txt`` into the text field found by ``selector``.</doc>
<status status="PASS" start="2025-03-04T18:34:59.619675" elapsed="0.026473"/>
</kw>
<kw name="Click" owner="Browser">
<msg time="2025-03-04T18:34:59.647954" level="INFO">Clicks the element 'css=input[type=button][value$=CEP]'.</msg>
<arg>css=input[type=button][value$=CEP]</arg>
<tag>PageContent</tag>
<tag>Setter</tag>
<doc>Simulates mouse click on the element found by ``selector``.</doc>
<status status="PASS" start="2025-03-04T18:34:59.646148" elapsed="0.056967"/>
</kw>
<kw name="Get Property" owner="Browser">
<msg time="2025-03-04T18:35:00.037557" level="INFO">Property: 'Avenida Francisco Sá'</msg>
<arg>css=input[name=addressStreet]</arg>
<arg>value</arg>
<arg>equal</arg>
<arg>${addressStreet}</arg>
<tag>Assertion</tag>
<tag>Getter</tag>
<tag>PageContent</tag>
<doc>Returns the ``property`` of the element found by ``selector``.</doc>
<status status="PASS" start="2025-03-04T18:34:59.703115" elapsed="0.334442"/>
</kw>
<kw name="Get Property" owner="Browser">
<msg time="2025-03-04T18:35:00.055295" level="INFO">Property: 'Jacarecanga'</msg>
<arg>css=input[name=addressDistrict]</arg>
<arg>value</arg>
<arg>equal</arg>
<arg>${addressDistrict}</arg>
<tag>Assertion</tag>
<tag>Getter</tag>
<tag>PageContent</tag>
<doc>Returns the ``property`` of the element found by ``selector``.</doc>
<status status="PASS" start="2025-03-04T18:35:00.037557" elapsed="0.017738"/>
</kw>
<kw name="Get Property" owner="Browser">
<msg time="2025-03-04T18:35:00.061385" level="INFO">Property: 'Fortaleza/CE'</msg>
<arg>css=input[name=addressCityUf]</arg>
<arg>value</arg>
<arg>equal</arg>
<arg>${addressCityUf}</arg>
<tag>Assertion</tag>
<tag>Getter</tag>
<tag>PageContent</tag>
<doc>Returns the ``property`` of the element found by ``selector``.</doc>
<status status="PASS" start="2025-03-04T18:35:00.056295" elapsed="0.005090"/>
</kw>
<kw name="Fill Text" owner="Browser">
<msg time="2025-03-04T18:35:00.061385" level="INFO">Fills the text '3572' in the given field.</msg>
<arg>css=input[name=addressNumber]</arg>
<arg>${addressNumber}</arg>
<tag>PageContent</tag>
<tag>Setter</tag>
<doc>Clears and fills the given ``txt`` into the text field found by ``selector``.</doc>
<status status="PASS" start="2025-03-04T18:35:00.061385" elapsed="0.026489"/>
</kw>
<kw name="Fill Text" owner="Browser">
<msg time="2025-03-04T18:35:00.089874" level="INFO">Fills the text 'Apto. 103' in the given field.</msg>
<arg>css=input[name=addressDetails]</arg>
<arg>${addressDetails}</arg>
<tag>PageContent</tag>
<tag>Setter</tag>
<doc>Clears and fills the given ``txt`` into the text field found by ``selector``.</doc>
<status status="PASS" start="2025-03-04T18:35:00.088875" elapsed="0.017992"/>
</kw>
<kw name="Upload File By Selector" owner="Browser">
<arg>css=input[type=file]</arg>
<arg>${EXECDIR}/${cnh}</arg>
<tag>PageContent</tag>
<tag>Setter</tag>
<doc>Uploads file from ``path`` to file input element matched by selector.</doc>
<status status="PASS" start="2025-03-04T18:35:00.106867" elapsed="0.020280"/>
</kw>
<arg>${name}</arg>
<arg>${email}</arg>
<arg>${cpf}</arg>
<arg>${cep}</arg>
<arg>${addressStreet}</arg>
<arg>${addressDistrict}</arg>
<arg>${addressCityUf}</arg>
<arg>${addressNumber}</arg>
<arg>${addressDetails}</arg>
<arg>${cnh}</arg>
<status status="PASS" start="2025-03-04T18:34:59.539300" elapsed="0.587847"/>
</kw>
<kw name="Submit signup form">
<kw name="Click" owner="Browser">
<msg time="2025-03-04T18:35:00.143792" level="INFO">Clicks the element 'css=.button-register'.</msg>
<arg>css=.button-register</arg>
<tag>PageContent</tag>
<tag>Setter</tag>
<doc>Simulates mouse click on the element found by ``selector``.</doc>
<status status="PASS" start="2025-03-04T18:35:00.127147" elapsed="0.062119"/>
</kw>
<status status="PASS" start="2025-03-04T18:35:00.127147" elapsed="0.062119"/>
</kw>
<kw name="Popup should be">
<kw name="Wait For Elements State" owner="Browser">
<msg time="2025-03-04T18:35:02.047562" level="INFO">Waited for Element with selector css=.swal2-html-container at state visible</msg>
<arg>css=.swal2-html-container</arg>
<arg>visible</arg>
<arg>5</arg>
<tag>PageContent</tag>
<tag>Wait</tag>
<doc>Waits for the element found by ``selector`` to satisfy state option.</doc>
<status status="PASS" start="2025-03-04T18:35:00.191267" elapsed="1.856295"/>
</kw>
<kw name="Get Text" owner="Browser">
<msg time="2025-03-04T18:35:02.073976" level="INFO">Text: 'Recebemos o seu cadastro e em breve retornaremos o contato.'</msg>
<arg>css=.swal2-html-container</arg>
<arg>equal</arg>
<arg>${expected_text}</arg>
<tag>Assertion</tag>
<tag>Getter</tag>
<tag>PageContent</tag>
<doc>Returns text attribute of the element found by ``selector``.</doc>
<status status="PASS" start="2025-03-04T18:35:02.047562" elapsed="0.026414"/>
</kw>
<kw name="Sleep" owner="BuiltIn">
<msg time="2025-03-04T18:35:04.074354" level="INFO">Slept 2 seconds.</msg>
<arg>2</arg>
<doc>Pauses the test executed for the given time.</doc>
<status status="PASS" start="2025-03-04T18:35:02.073976" elapsed="2.000378"/>
</kw>
<arg>Recebemos o seu cadastro e em breve retornaremos o contato.</arg>
<status status="PASS" start="2025-03-04T18:35:00.190266" elapsed="3.884088"/>
</kw>
<msg time="2025-03-04T18:35:04.074354" level="INFO">Set timeout to: 10000</msg>
<msg time="2025-03-04T18:35:04.094152" level="INFO">Switching context to context=efda7ce8-c0db-45d3-8ccf-4653ebc2d22d in CURRENT</msg>
<msg time="2025-03-04T18:35:04.108964" level="INFO">Successfully changed active context: context=efda7ce8-c0db-45d3-8ccf-4653ebc2d22d</msg>
<msg time="2025-03-04T18:35:04.171616" level="INFO">Successfully closed Context</msg>
<status status="PASS" start="2025-03-04T18:34:55.130854" elapsed="8.943500"/>
</test>
<doc>Suite de testes de cadastro de dog walker</doc>
<status status="PASS" start="2025-03-04T18:34:54.790314" elapsed="9.393227"/>
</suite>
<statistics>
<total>
<stat pass="1" fail="0" skip="0">All Tests</stat>
</total>
<tag>
</tag>
<suite>
<stat name="Singup" id="s1" pass="1" fail="0" skip="0">Singup</stat>
</suite>
</statistics>
<errors>
</errors>
</robot>
